System
Registry
smss.exe
csrss.exe
wininit.exe
csrss.exe
winlogon.exe
services.exe
lsass.exe
fontdrvhost.exe
fontdrvhost.exe
svchost.exe
svchost.exe
svchost.exe
svchost.exe
svchost.exe
svchost.exe
svchost.exe
svchost.exe
vmacthlp.exe
Memory Compression
svchost.exe
svchost.exe
svchost.exe
svchost.exe
spoolsv.exe
svchost.exe
svchost.exe
svchost.exe
VGAuthService.exe
vmtoolsd.exe
svchost.exe
dllhost.exe
WmiPrvSE.exe
svchost.exe
msdtc.exe
sihost.exe
svchost.exe
taskhostw.exe
svchost.exe
explorer.exe
ctfmon.exe
svchost.exe
StartMenuExperienceHost.exe
RuntimeBroker.exe
SearchApp.exe
SearchIndexer.exe
RuntimeBroker.exe
LockApp.exe
RuntimeBroker.exe
svchost.exe
SecurityHealthSystray.exe
SecurityHealthService.exe
vmtoolsd.exe
TextInputHost.exe
dllhost.exe
svchost.exe
ShellExperienceHost.exe
RuntimeBroker.exe
SystemSettingsBroker.exe
ApplicationFrameHost.exe
MoUsoCoreWorker.exe
SgrmBroker.exe
svchost.exe
RuntimeBroker.exe
svchost.exe
svchost.exe
UserOOBEBroker.exe
svchost.exe
svchost.exe
OneDrive.exe
taskhostw.exe
SystemSettings.exe
MicrosoftEdgeUpdate.exe
SkypeApp.exe
RuntimeBroker.exe
Microsoft.Photos.exe
RuntimeBroker.exe
avp.exe
avpui.exe
dwm.exe
ksde.exe
ksdeui.exe
smartscreen.exe
WmiPrvSE.exe
kpm_tray.exe
BurpSuiteCommunity.exe
MicrosoftEdgeUpdate.exe
WmiPrvSE.exe
audiodg.exe
WMIADAP.exe
MusNotifyIcon.exe
MicrosoftEdgeUpdate.exe
MicrosoftEdge_X64_99.0.1150.39_99.0.1150.36.exe
WmiApSrv.exe
setup.exe
cmd.exe
conhost.exe
wuauclt.exe
Windows-KB890830-x64-V5.99.exe
rundll32.exe
MRT.exe
SearchProtocolHost.exe
SearchFilterHost.exe
github_post.exe
github_post.exe
