System
Registry
smss.exe
csrss.exe
wininit.exe
csrss.exe
winlogon.exe
services.exe
lsass.exe
fontdrvhost.exe
fontdrvhost.exe
svchost.exe
svchost.exe
svchost.exe
svchost.exe
svchost.exe
svchost.exe
svchost.exe
svchost.exe
vmacthlp.exe
Memory Compression
svchost.exe
svchost.exe
svchost.exe
svchost.exe
spoolsv.exe
svchost.exe
svchost.exe
svchost.exe
VGAuthService.exe
vmtoolsd.exe
svchost.exe
dllhost.exe
WmiPrvSE.exe
svchost.exe
msdtc.exe
sihost.exe
svchost.exe
taskhostw.exe
svchost.exe
explorer.exe
ctfmon.exe
svchost.exe
StartMenuExperienceHost.exe
RuntimeBroker.exe
SearchApp.exe
SearchIndexer.exe
RuntimeBroker.exe
LockApp.exe
RuntimeBroker.exe
svchost.exe
SecurityHealthSystray.exe
SecurityHealthService.exe
vmtoolsd.exe
TextInputHost.exe
dllhost.exe
svchost.exe
ShellExperienceHost.exe
RuntimeBroker.exe
SystemSettingsBroker.exe
ApplicationFrameHost.exe
MoUsoCoreWorker.exe
SgrmBroker.exe
svchost.exe
RuntimeBroker.exe
svchost.exe
svchost.exe
UserOOBEBroker.exe
svchost.exe
svchost.exe
OneDrive.exe
taskhostw.exe
SystemSettings.exe
SkypeApp.exe
RuntimeBroker.exe
Microsoft.Photos.exe
RuntimeBroker.exe
dwm.exe
ksde.exe
ksdeui.exe
WmiPrvSE.exe
kpm_tray.exe
BurpSuiteCommunity.exe
Taskmgr.exe
cmd.exe
conhost.exe
MusNotifyIcon.exe
SearchProtocolHost.exe
SearchFilterHost.exe
smartscreen.exe
github_post.exe
conhost.exe
conhost.exe
